<?xml version="1.0" encoding="UTF-8"?>
<robot generator="Robot 3.1.2 (Python 3.8.1 on darwin)" generated="20200120 10:37:57.498" rpa="false">
<suite id="s1" name="binType" source="/Users/qamacair/Desktop/mycloudTest/mycloud-robot-test/test/globalSettingA/binType.robot">
<test id="s1-t1" name="Create bin type scenario">
<kw name="Given open on the website" library="environment">
<kw name="Open Browser" library="SeleniumLibrary">
<doc>Opens a new browser instance to given URL.</doc>
<arguments>
<arg>${URL}</arg>
<arg>${BROWSER}</arg>
</arguments>
<msg timestamp="20200120 10:37:58.034" level="INFO">Opening browser 'chrome' to base url 'https://mycloud.staging.sennalabs.com/users/sign_in'</msg>
<status status="PASS" starttime="20200120 10:37:58.033" endtime="20200120 10:38:03.774"></status>
</kw>
<kw name="Maximize Browser Window" library="SeleniumLibrary">
<doc>Maximizes current browser window.</doc>
<status status="PASS" starttime="20200120 10:38:03.775" endtime="20200120 10:38:03.932"></status>
</kw>
<kw name="Set Selenium Speed" library="SeleniumLibrary">
<doc>Sets the delay in seconds that is waited after each Selenium command.</doc>
<arguments>
<arg>${DELAY}</arg>
</arguments>
<status status="PASS" starttime="20200120 10:38:03.932" endtime="20200120 10:38:03.932"></status>
</kw>
<status status="PASS" starttime="20200120 10:37:58.031" endtime="20200120 10:38:03.933"></status>
</kw>
<kw name="When login super admin" library="environment">
<kw name="Input Text" library="SeleniumLibrary">
<doc>Types the given `text` into text field identified by `locator`.</doc>
<arguments>
<arg>${XPATH USERNAME}</arg>
<arg>${USERNAME}</arg>
</arguments>
<msg timestamp="20200120 10:38:03.941" level="INFO">Typing text 'super_admin' into text field '//*[@name="staff[username]"]'</msg>
<status status="PASS" starttime="20200120 10:38:03.939" endtime="20200120 10:38:05.696"></status>
</kw>
<kw name="Input Password" library="SeleniumLibrary">
<doc>Types the given password into text field identified by `locator`.</doc>
<arguments>
<arg>${XPATH PASSWORD}</arg>
<arg>${PASSWORD}</arg>
</arguments>
<msg timestamp="20200120 10:38:05.697" level="INFO">Typing password into text field '//*[@name="staff[password]"]'</msg>
<status status="PASS" starttime="20200120 10:38:05.696" endtime="20200120 10:38:07.354"></status>
</kw>
<kw name="Click element when ready" library="environment">
<arguments>
<arg>${SUBMIT}</arg>
</arguments>
<kw name="Wait Until Element Is Visible" library="SeleniumLibrary">
<doc>Waits until element specified with `locator` is visible.</doc>
<arguments>
<arg>${xpath}</arg>
<arg>10</arg>
</arguments>
<status status="PASS" starttime="20200120 10:38:07.356" endtime="20200120 10:38:08.405"></status>
</kw>
<kw name="Wait Until Element Is Enabled" library="SeleniumLibrary">
<doc>Waits until element specified with `locator` is enabled.</doc>
<arguments>
<arg>${xpath}</arg>
<arg>10</arg>
</arguments>
<status status="PASS" starttime="20200120 10:38:08.405" endtime="20200120 10:38:09.436"></status>
</kw>
<kw name="Click Element" library="SeleniumLibrary">
<doc>Click element identified by `locator`.</doc>
<arguments>
<arg>${xpath}</arg>
</arguments>
<msg timestamp="20200120 10:38:09.437" level="INFO">Clicking element '//*[@name="commit"]'.</msg>
<status status="PASS" starttime="20200120 10:38:09.437" endtime="20200120 10:38:11.392"></status>
</kw>
<status status="PASS" starttime="20200120 10:38:07.355" endtime="20200120 10:38:11.393"></status>
</kw>
<status status="PASS" starttime="20200120 10:38:03.934" endtime="20200120 10:38:11.393"></status>
</kw>
<kw name="And click global setting button">
<kw name="Click element when ready" library="environment">
<arguments>
<arg>//*[@class="float-right text-right mr-3"]</arg>
</arguments>
<kw name="Wait Until Element Is Visible" library="SeleniumLibrary">
<doc>Waits until element specified with `locator` is visible.</doc>
<arguments>
<arg>${xpath}</arg>
<arg>10</arg>
</arguments>
<status status="PASS" starttime="20200120 10:38:11.395" endtime="20200120 10:38:12.450"></status>
</kw>
<kw name="Wait Until Element Is Enabled" library="SeleniumLibrary">
<doc>Waits until element specified with `locator` is enabled.</doc>
<arguments>
<arg>${xpath}</arg>
<arg>10</arg>
</arguments>
<status status="PASS" starttime="20200120 10:38:12.450" endtime="20200120 10:38:13.478"></status>
</kw>
<kw name="Click Element" library="SeleniumLibrary">
<doc>Click element identified by `locator`.</doc>
<arguments>
<arg>${xpath}</arg>
</arguments>
<msg timestamp="20200120 10:38:13.479" level="INFO">Clicking element '//*[@class="float-right text-right mr-3"]'.</msg>
<status status="PASS" starttime="20200120 10:38:13.478" endtime="20200120 10:38:15.800"></status>
</kw>
<status status="PASS" starttime="20200120 10:38:11.394" endtime="20200120 10:38:15.801"></status>
</kw>
<status status="PASS" starttime="20200120 10:38:11.393" endtime="20200120 10:38:15.801"></status>
</kw>
<kw name="And click bin type">
<kw name="Click element when ready" library="environment">
<arguments>
<arg>//a[contains(@class, 'nav-link') and contains(text(),' Bin Type')]</arg>
</arguments>
<kw name="Wait Until Element Is Visible" library="SeleniumLibrary">
<doc>Waits until element specified with `locator` is visible.</doc>
<arguments>
<arg>${xpath}</arg>
<arg>10</arg>
</arguments>
<status status="PASS" starttime="20200120 10:38:15.803" endtime="20200120 10:38:16.857"></status>
</kw>
<kw name="Wait Until Element Is Enabled" library="SeleniumLibrary">
<doc>Waits until element specified with `locator` is enabled.</doc>
<arguments>
<arg>${xpath}</arg>
<arg>10</arg>
</arguments>
<status status="PASS" starttime="20200120 10:38:16.858" endtime="20200120 10:38:17.891"></status>
</kw>
<kw name="Click Element" library="SeleniumLibrary">
<doc>Click element identified by `locator`.</doc>
<arguments>
<arg>${xpath}</arg>
</arguments>
<msg timestamp="20200120 10:38:17.892" level="INFO">Clicking element '//a[contains(@class, 'nav-link') and contains(text(),' Bin Type')]'.</msg>
<status status="PASS" starttime="20200120 10:38:17.891" endtime="20200120 10:38:20.234"></status>
</kw>
<status status="PASS" starttime="20200120 10:38:15.802" endtime="20200120 10:38:20.235"></status>
</kw>
<status status="PASS" starttime="20200120 10:38:15.801" endtime="20200120 10:38:20.236"></status>
</kw>
<kw name="Then create bin type">
<kw name="Click element when ready" library="environment">
<arguments>
<arg>//a[contains(text(),'Create Bin Type')]</arg>
</arguments>
<kw name="Wait Until Element Is Visible" library="SeleniumLibrary">
<doc>Waits until element specified with `locator` is visible.</doc>
<arguments>
<arg>${xpath}</arg>
<arg>10</arg>
</arguments>
<status status="PASS" starttime="20200120 10:38:20.239" endtime="20200120 10:38:21.285"></status>
</kw>
<kw name="Wait Until Element Is Enabled" library="SeleniumLibrary">
<doc>Waits until element specified with `locator` is enabled.</doc>
<arguments>
<arg>${xpath}</arg>
<arg>10</arg>
</arguments>
<status status="PASS" starttime="20200120 10:38:21.285" endtime="20200120 10:38:22.315"></status>
</kw>
<kw name="Click Element" library="SeleniumLibrary">
<doc>Click element identified by `locator`.</doc>
<arguments>
<arg>${xpath}</arg>
</arguments>
<msg timestamp="20200120 10:38:22.316" level="INFO">Clicking element '//a[contains(text(),'Create Bin Type')]'.</msg>
<status status="PASS" starttime="20200120 10:38:22.315" endtime="20200120 10:38:23.742"></status>
</kw>
<status status="PASS" starttime="20200120 10:38:20.238" endtime="20200120 10:38:23.742"></status>
</kw>
<kw name="Input Text" library="SeleniumLibrary">
<doc>Types the given `text` into text field identified by `locator`.</doc>
<arguments>
<arg>//*[@id="bin_type_name"]</arg>
<arg>D-BIN</arg>
</arguments>
<msg timestamp="20200120 10:38:23.743" level="INFO">Typing text 'D-BIN' into text field '//*[@id="bin_type_name"]'</msg>
<status status="PASS" starttime="20200120 10:38:23.743" endtime="20200120 10:38:25.429"></status>
</kw>
<kw name="Input Text" library="SeleniumLibrary">
<doc>Types the given `text` into text field identified by `locator`.</doc>
<arguments>
<arg>//*[@id="bin_type_dimension_height"]</arg>
<arg>10</arg>
</arguments>
<msg timestamp="20200120 10:38:25.430" level="INFO">Typing text '10' into text field '//*[@id="bin_type_dimension_height"]'</msg>
<status status="PASS" starttime="20200120 10:38:25.430" endtime="20200120 10:38:27.051"></status>
</kw>
<kw name="Input Text" library="SeleniumLibrary">
<doc>Types the given `text` into text field identified by `locator`.</doc>
<arguments>
<arg>//*[@id="bin_type_dimension_width"]</arg>
<arg>10</arg>
</arguments>
<msg timestamp="20200120 10:38:27.052" level="INFO">Typing text '10' into text field '//*[@id="bin_type_dimension_width"]'</msg>
<status status="PASS" starttime="20200120 10:38:27.051" endtime="20200120 10:38:28.678"></status>
</kw>
<kw name="Input Text" library="SeleniumLibrary">
<doc>Types the given `text` into text field identified by `locator`.</doc>
<arguments>
<arg>//*[@id="bin_type_dimension_long"]</arg>
<arg>10</arg>
</arguments>
<msg timestamp="20200120 10:38:28.679" level="INFO">Typing text '10' into text field '//*[@id="bin_type_dimension_long"]'</msg>
<status status="PASS" starttime="20200120 10:38:28.678" endtime="20200120 10:38:30.286"></status>
</kw>
<kw name="Input Text" library="SeleniumLibrary">
<doc>Types the given `text` into text field identified by `locator`.</doc>
<arguments>
<arg>//*[@id="bin_type_size"]</arg>
<arg>10</arg>
</arguments>
<msg timestamp="20200120 10:38:30.287" level="INFO">Typing text '10' into text field '//*[@id="bin_type_size"]'</msg>
<status status="PASS" starttime="20200120 10:38:30.286" endtime="20200120 10:38:31.903"></status>
</kw>
<kw name="Click element when ready" library="environment">
<arguments>
<arg>//*[@name="commit"]</arg>
</arguments>
<kw name="Wait Until Element Is Visible" library="SeleniumLibrary">
<doc>Waits until element specified with `locator` is visible.</doc>
<arguments>
<arg>${xpath}</arg>
<arg>10</arg>
</arguments>
<status status="PASS" starttime="20200120 10:38:31.905" endtime="20200120 10:38:32.955"></status>
</kw>
<kw name="Wait Until Element Is Enabled" library="SeleniumLibrary">
<doc>Waits until element specified with `locator` is enabled.</doc>
<arguments>
<arg>${xpath}</arg>
<arg>10</arg>
</arguments>
<status status="PASS" starttime="20200120 10:38:32.956" endtime="20200120 10:38:33.988"></status>
</kw>
<kw name="Click Element" library="SeleniumLibrary">
<doc>Click element identified by `locator`.</doc>
<arguments>
<arg>${xpath}</arg>
</arguments>
<msg timestamp="20200120 10:38:33.989" level="INFO">Clicking element '//*[@name="commit"]'.</msg>
<status status="PASS" starttime="20200120 10:38:33.988" endtime="20200120 10:38:36.933"></status>
</kw>
<status status="PASS" starttime="20200120 10:38:31.904" endtime="20200120 10:38:36.933"></status>
</kw>
<status status="PASS" starttime="20200120 10:38:20.237" endtime="20200120 10:38:36.933"></status>
</kw>
<kw name="And check list new bin type">
<kw name="Wait Until Element Is Visible" library="SeleniumLibrary">
<doc>Waits until element specified with `locator` is visible.</doc>
<arguments>
<arg>//td[contains(text(),'D-BIN')]</arg>
<arg>10</arg>
</arguments>
<kw name="Capture Page Screenshot" library="SeleniumLibrary">
<doc>Takes a screenshot of the current page and embeds it into the log.</doc>
<msg timestamp="20200120 10:38:48.392" level="INFO" html="yes">&lt;/td&gt;&lt;/tr&gt;&lt;tr&gt;&lt;td colspan="3"&gt;&lt;a href="selenium-screenshot-77.png"&gt;&lt;img src="selenium-screenshot-77.png" width="800px"&gt;&lt;/a&gt;</msg>
<status status="PASS" starttime="20200120 10:38:47.538" endtime="20200120 10:38:48.392"></status>
</kw>
<msg timestamp="20200120 10:38:48.405" level="FAIL">Element locator '//td[contains(text(),'D-BIN')]' did not match any elements after 10 seconds</msg>
<status status="FAIL" starttime="20200120 10:38:36.935" endtime="20200120 10:38:48.405"></status>
</kw>
<status status="FAIL" starttime="20200120 10:38:36.934" endtime="20200120 10:38:48.406"></status>
</kw>
<status status="FAIL" starttime="20200120 10:37:58.030" endtime="20200120 10:38:48.409" critical="yes">Element locator '//td[contains(text(),'D-BIN')]' did not match any elements after 10 seconds</status>
</test>
<test id="s1-t2" name="Edit bin type scenario">
<kw name="Then edit bin type">
<kw name="Click element when ready" library="environment">
<arguments>
<arg>//*[@data-icon="pen"]</arg>
</arguments>
<kw name="Wait Until Element Is Visible" library="SeleniumLibrary">
<doc>Waits until element specified with `locator` is visible.</doc>
<arguments>
<arg>${xpath}</arg>
<arg>10</arg>
</arguments>
<status status="PASS" starttime="20200120 10:38:48.423" endtime="20200120 10:38:49.521"></status>
</kw>
<kw name="Wait Until Element Is Enabled" library="SeleniumLibrary">
<doc>Waits until element specified with `locator` is enabled.</doc>
<arguments>
<arg>${xpath}</arg>
<arg>10</arg>
</arguments>
<status status="PASS" starttime="20200120 10:38:49.521" endtime="20200120 10:38:50.554"></status>
</kw>
<kw name="Click Element" library="SeleniumLibrary">
<doc>Click element identified by `locator`.</doc>
<arguments>
<arg>${xpath}</arg>
</arguments>
<msg timestamp="20200120 10:38:50.555" level="INFO">Clicking element '//*[@data-icon="pen"]'.</msg>
<status status="PASS" starttime="20200120 10:38:50.554" endtime="20200120 10:38:57.139"></status>
</kw>
<status status="PASS" starttime="20200120 10:38:48.422" endtime="20200120 10:38:57.139"></status>
</kw>
<kw name="Input Text" library="SeleniumLibrary">
<doc>Types the given `text` into text field identified by `locator`.</doc>
<arguments>
<arg>//*[@id="bin_type_name"]</arg>
<arg>E-BIN</arg>
</arguments>
<msg timestamp="20200120 10:38:57.140" level="INFO">Typing text 'E-BIN' into text field '//*[@id="bin_type_name"]'</msg>
<status status="PASS" starttime="20200120 10:38:57.140" endtime="20200120 10:38:58.785"></status>
</kw>
<kw name="Click element when ready" library="environment">
<arguments>
<arg>//*[@name="commit"]</arg>
</arguments>
<kw name="Wait Until Element Is Visible" library="SeleniumLibrary">
<doc>Waits until element specified with `locator` is visible.</doc>
<arguments>
<arg>${xpath}</arg>
<arg>10</arg>
</arguments>
<status status="PASS" starttime="20200120 10:38:58.786" endtime="20200120 10:38:59.834"></status>
</kw>
<kw name="Wait Until Element Is Enabled" library="SeleniumLibrary">
<doc>Waits until element specified with `locator` is enabled.</doc>
<arguments>
<arg>${xpath}</arg>
<arg>10</arg>
</arguments>
<status status="PASS" starttime="20200120 10:38:59.834" endtime="20200120 10:39:00.863"></status>
</kw>
<kw name="Click Element" library="SeleniumLibrary">
<doc>Click element identified by `locator`.</doc>
<arguments>
<arg>${xpath}</arg>
</arguments>
<msg timestamp="20200120 10:39:00.864" level="INFO">Clicking element '//*[@name="commit"]'.</msg>
<status status="PASS" starttime="20200120 10:39:00.863" endtime="20200120 10:39:02.550"></status>
</kw>
<status status="PASS" starttime="20200120 10:38:58.786" endtime="20200120 10:39:02.550"></status>
</kw>
<status status="PASS" starttime="20200120 10:38:48.421" endtime="20200120 10:39:02.550"></status>
</kw>
<kw name="And check bin type update">
<kw name="Wait Until Element Is Visible" library="SeleniumLibrary">
<doc>Waits until element specified with `locator` is visible.</doc>
<arguments>
<arg>//td[contains(text(),'E-BIN')]</arg>
<arg>10</arg>
</arguments>
<kw name="Capture Page Screenshot" library="SeleniumLibrary">
<doc>Takes a screenshot of the current page and embeds it into the log.</doc>
<msg timestamp="20200120 10:39:14.000" level="INFO" html="yes">&lt;/td&gt;&lt;/tr&gt;&lt;tr&gt;&lt;td colspan="3"&gt;&lt;a href="selenium-screenshot-78.png"&gt;&lt;img src="selenium-screenshot-78.png" width="800px"&gt;&lt;/a&gt;</msg>
<status status="PASS" starttime="20200120 10:39:13.191" endtime="20200120 10:39:14.000"></status>
</kw>
<msg timestamp="20200120 10:39:14.001" level="FAIL">Element locator '//td[contains(text(),'E-BIN')]' did not match any elements after 10 seconds</msg>
<status status="FAIL" starttime="20200120 10:39:02.551" endtime="20200120 10:39:14.001"></status>
</kw>
<status status="FAIL" starttime="20200120 10:39:02.551" endtime="20200120 10:39:14.001"></status>
</kw>
<status status="FAIL" starttime="20200120 10:38:48.416" endtime="20200120 10:39:14.002" critical="yes">Element locator '//td[contains(text(),'E-BIN')]' did not match any elements after 10 seconds</status>
</test>
<test id="s1-t3" name="Search user bin type scenario">
<kw name="When search name">
<kw name="Input Text" library="SeleniumLibrary">
<doc>Types the given `text` into text field identified by `locator`.</doc>
<arguments>
<arg>//*[@type="search"]</arg>
<arg>E-BIN</arg>
</arguments>
<msg timestamp="20200120 10:39:14.009" level="INFO">Typing text 'E-BIN' into text field '//*[@type="search"]'</msg>
<kw name="Capture Page Screenshot" library="SeleniumLibrary">
<doc>Takes a screenshot of the current page and embeds it into the log.</doc>
<msg timestamp="20200120 10:39:15.315" level="INFO" html="yes">&lt;/td&gt;&lt;/tr&gt;&lt;tr&gt;&lt;td colspan="3"&gt;&lt;a href="selenium-screenshot-79.png"&gt;&lt;img src="selenium-screenshot-79.png" width="800px"&gt;&lt;/a&gt;</msg>
<status status="PASS" starttime="20200120 10:39:14.532" endtime="20200120 10:39:15.315"></status>
</kw>
<msg timestamp="20200120 10:39:15.323" level="FAIL">ValueError: Element locator '//*[@type="search"]' did not match any elements.</msg>
<status status="FAIL" starttime="20200120 10:39:14.008" endtime="20200120 10:39:15.323"></status>
</kw>
<status status="FAIL" starttime="20200120 10:39:14.007" endtime="20200120 10:39:15.323"></status>
</kw>
<status status="FAIL" starttime="20200120 10:39:14.004" endtime="20200120 10:39:15.324" critical="yes">ValueError: Element locator '//*[@type="search"]' did not match any elements.</status>
</test>
<test id="s1-t4" name="Delete user bin type scenario">
<kw name="Then click delete bin type list">
<kw name="Wait Until Element Is Visible" library="SeleniumLibrary">
<doc>Waits until element specified with `locator` is visible.</doc>
<arguments>
<arg>(//a[@rel='icon' or @rel='nofollow'])[2]</arg>
<arg>10</arg>
</arguments>
<kw name="Capture Page Screenshot" library="SeleniumLibrary">
<doc>Takes a screenshot of the current page and embeds it into the log.</doc>
<msg timestamp="20200120 10:39:26.962" level="INFO" html="yes">&lt;/td&gt;&lt;/tr&gt;&lt;tr&gt;&lt;td colspan="3"&gt;&lt;a href="selenium-screenshot-80.png"&gt;&lt;img src="selenium-screenshot-80.png" width="800px"&gt;&lt;/a&gt;</msg>
<status status="PASS" starttime="20200120 10:39:25.898" endtime="20200120 10:39:26.963"></status>
</kw>
<msg timestamp="20200120 10:39:26.963" level="FAIL">Element locator '(//a[@rel='icon' or @rel='nofollow'])[2]' did not match any elements after 10 seconds</msg>
<status status="FAIL" starttime="20200120 10:39:15.327" endtime="20200120 10:39:26.964"></status>
</kw>
<status status="FAIL" starttime="20200120 10:39:15.327" endtime="20200120 10:39:26.964"></status>
</kw>
<status status="FAIL" starttime="20200120 10:39:15.325" endtime="20200120 10:39:26.964" critical="yes">Element locator '(//a[@rel='icon' or @rel='nofollow'])[2]' did not match any elements after 10 seconds</status>
</test>
<kw name="Close Browser" library="SeleniumLibrary" type="teardown">
<doc>Closes the current browser.</doc>
<status status="PASS" starttime="20200120 10:39:26.967" endtime="20200120 10:39:27.603"></status>
</kw>
<doc>This is ui testing for A003

Bin type</doc>
<status status="FAIL" starttime="20200120 10:37:57.501" endtime="20200120 10:39:27.603"></status>
</suite>
<statistics>
<total>
<stat pass="0" fail="4">Critical Tests</stat>
<stat pass="0" fail="4">All Tests</stat>
</total>
<tag>
</tag>
<suite>
<stat pass="0" fail="4" id="s1" name="binType">binType</stat>
</suite>
</statistics>
<errors>
<msg timestamp="20200120 10:37:58.028" level="ERROR">Error in file '/Users/qamacair/Desktop/mycloudTest/mycloud-robot-test/environment.robot': Importing test library 'RequestsLibrary' failed: ModuleNotFoundError: No module named 'RequestsLibrary'
Traceback (most recent call last):
  None
PYTHONPATH:
  /Library/Frameworks/Python.framework/Versions/3.8/bin
  /Library/Frameworks/Python.framework/Versions/3.8/lib/python38.zip
  /Library/Frameworks/Python.framework/Versions/3.8/lib/python3.8
  /Library/Frameworks/Python.framework/Versions/3.8/lib/python3.8/lib-dynload
  /Library/Frameworks/Python.framework/Versions/3.8/lib/python3.8/site-packages</msg>
</errors>
</robot>
