<?xml version="1.0" encoding="UTF-8"?>
<robot generator="Robot 3.1.2 (Python 3.7.3 on darwin)" generated="20200114 19:16:42.262" rpa="false">
<suite id="s1" name="setShopProfile" source="/Users/suchavadeenance/github.com/mycloudTest/mycloud-robot-test/test/saleD/setShopProfile.robot">
<test id="s1-t1" name="Create sale scenario">
<kw name="Given open on the website" library="environment">
<kw name="Open Browser" library="SeleniumLibrary">
<doc>Opens a new browser instance to the given ``url``.</doc>
<arguments>
<arg>${URL}</arg>
<arg>${BROWSER}</arg>
</arguments>
<msg timestamp="20200114 19:16:43.025" level="INFO">Opening browser 'chrome' to base url 'https://mycloud.staging.sennalabs.com/users/sign_in'.</msg>
<status status="PASS" starttime="20200114 19:16:43.025" endtime="20200114 19:17:04.071"></status>
</kw>
<kw name="Maximize Browser Window" library="SeleniumLibrary">
<doc>Maximizes current browser window.</doc>
<status status="PASS" starttime="20200114 19:17:04.071" endtime="20200114 19:17:04.215"></status>
</kw>
<kw name="Set Selenium Speed" library="SeleniumLibrary">
<doc>Sets the delay that is waited after each Selenium command.</doc>
<arguments>
<arg>${DELAY}</arg>
</arguments>
<status status="PASS" starttime="20200114 19:17:04.215" endtime="20200114 19:17:04.216"></status>
</kw>
<status status="PASS" starttime="20200114 19:16:43.024" endtime="20200114 19:17:04.216"></status>
</kw>
<kw name="When login sale" library="environment">
<kw name="Input Text" library="SeleniumLibrary">
<doc>Types the given ``text`` into text field identified by ``locator``.</doc>
<arguments>
<arg>${XPATH USERNAME}</arg>
<arg>${USERNAME SALE}</arg>
</arguments>
<msg timestamp="20200114 19:17:04.217" level="INFO">Typing text 'sale' into text field '//*[@name="staff[username]"]'.</msg>
<status status="PASS" starttime="20200114 19:17:04.217" endtime="20200114 19:17:05.858"></status>
</kw>
<kw name="Input Password" library="SeleniumLibrary">
<doc>Types the given password into text field identified by ``locator``.</doc>
<arguments>
<arg>${XPATH PASSWORD}</arg>
<arg>${PASSWORD SALE}</arg>
</arguments>
<msg timestamp="20200114 19:17:05.860" level="INFO">Typing password into text field '//*[@name="staff[password]"]'.</msg>
<status status="PASS" starttime="20200114 19:17:05.859" endtime="20200114 19:17:07.508"></status>
</kw>
<kw name="Click element when ready" library="environment">
<arguments>
<arg>${SUBMIT}</arg>
</arguments>
<kw name="Wait Until Element Is Visible" library="SeleniumLibrary">
<doc>Waits until element ``locator`` is visible.</doc>
<arguments>
<arg>${xpath}</arg>
<arg>10</arg>
</arguments>
<status status="PASS" starttime="20200114 19:17:07.510" endtime="20200114 19:17:08.563"></status>
</kw>
<kw name="Wait Until Element Is Enabled" library="SeleniumLibrary">
<doc>Waits until element ``locator`` is enabled.</doc>
<arguments>
<arg>${xpath}</arg>
<arg>10</arg>
</arguments>
<status status="PASS" starttime="20200114 19:17:08.563" endtime="20200114 19:17:10.112"></status>
</kw>
<kw name="Click Element" library="SeleniumLibrary">
<doc>Click element identified by ``locator``.</doc>
<arguments>
<arg>${xpath}</arg>
</arguments>
<msg timestamp="20200114 19:17:10.113" level="INFO">Clicking element '//*[@name="commit"]'.</msg>
<status status="PASS" starttime="20200114 19:17:10.113" endtime="20200114 19:17:17.687"></status>
</kw>
<status status="PASS" starttime="20200114 19:17:07.509" endtime="20200114 19:17:17.687"></status>
</kw>
<status status="PASS" starttime="20200114 19:17:04.216" endtime="20200114 19:17:17.687"></status>
</kw>
<kw name="And select shop management" library="environment">
<kw name="Click element when ready" library="environment">
<arguments>
<arg>//a[contains(@class, 'nav-link') and contains(text(),' Shop Management')]</arg>
</arguments>
<kw name="Wait Until Element Is Visible" library="SeleniumLibrary">
<doc>Waits until element ``locator`` is visible.</doc>
<arguments>
<arg>${xpath}</arg>
<arg>10</arg>
</arguments>
<status status="PASS" starttime="20200114 19:17:17.689" endtime="20200114 19:17:18.737"></status>
</kw>
<kw name="Wait Until Element Is Enabled" library="SeleniumLibrary">
<doc>Waits until element ``locator`` is enabled.</doc>
<arguments>
<arg>${xpath}</arg>
<arg>10</arg>
</arguments>
<status status="PASS" starttime="20200114 19:17:18.737" endtime="20200114 19:17:20.293"></status>
</kw>
<kw name="Click Element" library="SeleniumLibrary">
<doc>Click element identified by ``locator``.</doc>
<arguments>
<arg>${xpath}</arg>
</arguments>
<msg timestamp="20200114 19:17:20.294" level="INFO">Clicking element '//a[contains(@class, 'nav-link') and contains(text(),' Shop Management')]'.</msg>
<status status="PASS" starttime="20200114 19:17:20.294" endtime="20200114 19:17:21.377"></status>
</kw>
<status status="PASS" starttime="20200114 19:17:17.689" endtime="20200114 19:17:21.377"></status>
</kw>
<status status="PASS" starttime="20200114 19:17:17.688" endtime="20200114 19:17:21.377"></status>
</kw>
<kw name="And select shop list" library="environment">
<kw name="Click element when ready" library="environment">
<arguments>
<arg>//a[contains(@class, 'nav-link') and contains(text(),' Shop List')]</arg>
</arguments>
<kw name="Wait Until Element Is Visible" library="SeleniumLibrary">
<doc>Waits until element ``locator`` is visible.</doc>
<arguments>
<arg>${xpath}</arg>
<arg>10</arg>
</arguments>
<status status="PASS" starttime="20200114 19:17:21.379" endtime="20200114 19:17:22.418"></status>
</kw>
<kw name="Wait Until Element Is Enabled" library="SeleniumLibrary">
<doc>Waits until element ``locator`` is enabled.</doc>
<arguments>
<arg>${xpath}</arg>
<arg>10</arg>
</arguments>
<status status="PASS" starttime="20200114 19:17:22.418" endtime="20200114 19:17:23.978"></status>
</kw>
<kw name="Click Element" library="SeleniumLibrary">
<doc>Click element identified by ``locator``.</doc>
<arguments>
<arg>${xpath}</arg>
</arguments>
<msg timestamp="20200114 19:17:23.978" level="INFO">Clicking element '//a[contains(@class, 'nav-link') and contains(text(),' Shop List')]'.</msg>
<status status="PASS" starttime="20200114 19:17:23.978" endtime="20200114 19:17:32.930"></status>
</kw>
<status status="PASS" starttime="20200114 19:17:21.378" endtime="20200114 19:17:32.930"></status>
</kw>
<status status="PASS" starttime="20200114 19:17:21.378" endtime="20200114 19:17:32.930"></status>
</kw>
<kw name="Then create shop followed by set shop profile">
<kw name="Click element when ready" library="environment">
<arguments>
<arg>//a[contains(text(),'Create Shop')]</arg>
</arguments>
<kw name="Wait Until Element Is Visible" library="SeleniumLibrary">
<doc>Waits until element ``locator`` is visible.</doc>
<arguments>
<arg>${xpath}</arg>
<arg>10</arg>
</arguments>
<status status="PASS" starttime="20200114 19:17:32.932" endtime="20200114 19:17:33.979"></status>
</kw>
<kw name="Wait Until Element Is Enabled" library="SeleniumLibrary">
<doc>Waits until element ``locator`` is enabled.</doc>
<arguments>
<arg>${xpath}</arg>
<arg>10</arg>
</arguments>
<status status="PASS" starttime="20200114 19:17:33.979" endtime="20200114 19:17:35.531"></status>
</kw>
<kw name="Click Element" library="SeleniumLibrary">
<doc>Click element identified by ``locator``.</doc>
<arguments>
<arg>${xpath}</arg>
</arguments>
<msg timestamp="20200114 19:17:35.532" level="INFO">Clicking element '//a[contains(text(),'Create Shop')]'.</msg>
<status status="PASS" starttime="20200114 19:17:35.531" endtime="20200114 19:17:37.292"></status>
</kw>
<status status="PASS" starttime="20200114 19:17:32.931" endtime="20200114 19:17:37.292"></status>
</kw>
<kw name="Input Text" library="SeleniumLibrary">
<doc>Types the given ``text`` into text field identified by ``locator``.</doc>
<arguments>
<arg>//*[@id="shop_name"]</arg>
<arg>Aaaashop</arg>
</arguments>
<msg timestamp="20200114 19:17:37.293" level="INFO">Typing text 'Aaaashop' into text field '//*[@id="shop_name"]'.</msg>
<status status="PASS" starttime="20200114 19:17:37.292" endtime="20200114 19:17:38.972"></status>
</kw>
<kw name="Input Text" library="SeleniumLibrary">
<doc>Types the given ``text`` into text field identified by ``locator``.</doc>
<arguments>
<arg>//*[@id="shop_address"]</arg>
<arg>xxx</arg>
</arguments>
<msg timestamp="20200114 19:17:38.973" level="INFO">Typing text 'xxx' into text field '//*[@id="shop_address"]'.</msg>
<status status="PASS" starttime="20200114 19:17:38.972" endtime="20200114 19:17:40.593"></status>
</kw>
<kw name="Input Text" library="SeleniumLibrary">
<doc>Types the given ``text`` into text field identified by ``locator``.</doc>
<arguments>
<arg>//*[@id="shop_postcode"]</arg>
<arg>barcode1234</arg>
</arguments>
<msg timestamp="20200114 19:17:40.594" level="INFO">Typing text 'barcode1234' into text field '//*[@id="shop_postcode"]'.</msg>
<status status="PASS" starttime="20200114 19:17:40.593" endtime="20200114 19:17:42.257"></status>
</kw>
<kw name="Input Text" library="SeleniumLibrary">
<doc>Types the given ``text`` into text field identified by ``locator``.</doc>
<arguments>
<arg>//*[@id="shop_shop_urls"]</arg>
<arg>${URL}</arg>
</arguments>
<msg timestamp="20200114 19:17:42.258" level="INFO">Typing text 'https://mycloud.staging.sennalabs.com/users/sign_in' into text field '//*[@id="shop_shop_urls"]'.</msg>
<status status="PASS" starttime="20200114 19:17:42.257" endtime="20200114 19:17:44.163"></status>
</kw>
<kw name="Click element when ready" library="environment">
<arguments>
<arg>//*[@id="shop_sale_brand"]</arg>
</arguments>
<kw name="Wait Until Element Is Visible" library="SeleniumLibrary">
<doc>Waits until element ``locator`` is visible.</doc>
<arguments>
<arg>${xpath}</arg>
<arg>10</arg>
</arguments>
<status status="PASS" starttime="20200114 19:17:44.165" endtime="20200114 19:17:45.214"></status>
</kw>
<kw name="Wait Until Element Is Enabled" library="SeleniumLibrary">
<doc>Waits until element ``locator`` is enabled.</doc>
<arguments>
<arg>${xpath}</arg>
<arg>10</arg>
</arguments>
<status status="PASS" starttime="20200114 19:17:45.214" endtime="20200114 19:17:46.772"></status>
</kw>
<kw name="Click Element" library="SeleniumLibrary">
<doc>Click element identified by ``locator``.</doc>
<arguments>
<arg>${xpath}</arg>
</arguments>
<msg timestamp="20200114 19:17:46.772" level="INFO">Clicking element '//*[@id="shop_sale_brand"]'.</msg>
<status status="PASS" starttime="20200114 19:17:46.772" endtime="20200114 19:17:47.891"></status>
</kw>
<status status="PASS" starttime="20200114 19:17:44.164" endtime="20200114 19:17:47.891"></status>
</kw>
<kw name="Click element when ready" library="environment">
<arguments>
<arg>//option[contains(text(),'SCG')]</arg>
</arguments>
<kw name="Wait Until Element Is Visible" library="SeleniumLibrary">
<doc>Waits until element ``locator`` is visible.</doc>
<arguments>
<arg>${xpath}</arg>
<arg>10</arg>
</arguments>
<status status="PASS" starttime="20200114 19:17:47.892" endtime="20200114 19:17:48.938"></status>
</kw>
<kw name="Wait Until Element Is Enabled" library="SeleniumLibrary">
<doc>Waits until element ``locator`` is enabled.</doc>
<arguments>
<arg>${xpath}</arg>
<arg>10</arg>
</arguments>
<status status="PASS" starttime="20200114 19:17:48.938" endtime="20200114 19:17:50.496"></status>
</kw>
<kw name="Click Element" library="SeleniumLibrary">
<doc>Click element identified by ``locator``.</doc>
<arguments>
<arg>${xpath}</arg>
</arguments>
<msg timestamp="20200114 19:17:50.497" level="INFO">Clicking element '//option[contains(text(),'SCG')]'.</msg>
<status status="PASS" starttime="20200114 19:17:50.496" endtime="20200114 19:17:51.834"></status>
</kw>
<status status="PASS" starttime="20200114 19:17:47.891" endtime="20200114 19:17:51.834"></status>
</kw>
<kw name="Click element when ready" library="environment">
<arguments>
<arg>//*[@id="shop_estimate_order_id"]</arg>
</arguments>
<kw name="Wait Until Element Is Visible" library="SeleniumLibrary">
<doc>Waits until element ``locator`` is visible.</doc>
<arguments>
<arg>${xpath}</arg>
<arg>10</arg>
</arguments>
<status status="PASS" starttime="20200114 19:17:51.835" endtime="20200114 19:17:52.884"></status>
</kw>
<kw name="Wait Until Element Is Enabled" library="SeleniumLibrary">
<doc>Waits until element ``locator`` is enabled.</doc>
<arguments>
<arg>${xpath}</arg>
<arg>10</arg>
</arguments>
<status status="PASS" starttime="20200114 19:17:52.884" endtime="20200114 19:17:54.443"></status>
</kw>
<kw name="Click Element" library="SeleniumLibrary">
<doc>Click element identified by ``locator``.</doc>
<arguments>
<arg>${xpath}</arg>
</arguments>
<msg timestamp="20200114 19:17:54.444" level="INFO">Clicking element '//*[@id="shop_estimate_order_id"]'.</msg>
<status status="PASS" starttime="20200114 19:17:54.443" endtime="20200114 19:17:55.784"></status>
</kw>
<status status="PASS" starttime="20200114 19:17:51.835" endtime="20200114 19:17:55.784"></status>
</kw>
<kw name="Click element when ready" library="environment">
<arguments>
<arg>//option[contains(text(),'0 - 100 Orders per month')]</arg>
</arguments>
<kw name="Wait Until Element Is Visible" library="SeleniumLibrary">
<doc>Waits until element ``locator`` is visible.</doc>
<arguments>
<arg>${xpath}</arg>
<arg>10</arg>
</arguments>
<status status="PASS" starttime="20200114 19:17:55.785" endtime="20200114 19:17:56.833"></status>
</kw>
<kw name="Wait Until Element Is Enabled" library="SeleniumLibrary">
<doc>Waits until element ``locator`` is enabled.</doc>
<arguments>
<arg>${xpath}</arg>
<arg>10</arg>
</arguments>
<status status="PASS" starttime="20200114 19:17:56.833" endtime="20200114 19:17:58.387"></status>
</kw>
<kw name="Click Element" library="SeleniumLibrary">
<doc>Click element identified by ``locator``.</doc>
<arguments>
<arg>${xpath}</arg>
</arguments>
<msg timestamp="20200114 19:17:58.389" level="INFO">Clicking element '//option[contains(text(),'0 - 100 Orders per month')]'.</msg>
<status status="PASS" starttime="20200114 19:17:58.388" endtime="20200114 19:17:59.447"></status>
</kw>
<status status="PASS" starttime="20200114 19:17:55.785" endtime="20200114 19:17:59.447"></status>
</kw>
<kw name="Click element when ready" library="environment">
<arguments>
<arg>//span[contains(text(),'Select shop owner')]</arg>
</arguments>
<kw name="Wait Until Element Is Visible" library="SeleniumLibrary">
<doc>Waits until element ``locator`` is visible.</doc>
<arguments>
<arg>${xpath}</arg>
<arg>10</arg>
</arguments>
<status status="PASS" starttime="20200114 19:17:59.448" endtime="20200114 19:18:00.493"></status>
</kw>
<kw name="Wait Until Element Is Enabled" library="SeleniumLibrary">
<doc>Waits until element ``locator`` is enabled.</doc>
<arguments>
<arg>${xpath}</arg>
<arg>10</arg>
</arguments>
<status status="PASS" starttime="20200114 19:18:00.493" endtime="20200114 19:18:02.045"></status>
</kw>
<kw name="Click Element" library="SeleniumLibrary">
<doc>Click element identified by ``locator``.</doc>
<arguments>
<arg>${xpath}</arg>
</arguments>
<msg timestamp="20200114 19:18:02.046" level="INFO">Clicking element '//span[contains(text(),'Select shop owner')]'.</msg>
<status status="PASS" starttime="20200114 19:18:02.046" endtime="20200114 19:18:03.414"></status>
</kw>
<status status="PASS" starttime="20200114 19:17:59.448" endtime="20200114 19:18:03.414"></status>
</kw>
<kw name="Click element when ready" library="environment">
<arguments>
<arg>//li[contains(text(),'nance jj')]</arg>
</arguments>
<kw name="Wait Until Element Is Visible" library="SeleniumLibrary">
<doc>Waits until element ``locator`` is visible.</doc>
<arguments>
<arg>${xpath}</arg>
<arg>10</arg>
</arguments>
<status status="PASS" starttime="20200114 19:18:03.415" endtime="20200114 19:18:04.462"></status>
</kw>
<kw name="Wait Until Element Is Enabled" library="SeleniumLibrary">
<doc>Waits until element ``locator`` is enabled.</doc>
<arguments>
<arg>${xpath}</arg>
<arg>10</arg>
</arguments>
<status status="PASS" starttime="20200114 19:18:04.462" endtime="20200114 19:18:06.013"></status>
</kw>
<kw name="Click Element" library="SeleniumLibrary">
<doc>Click element identified by ``locator``.</doc>
<arguments>
<arg>${xpath}</arg>
</arguments>
<msg timestamp="20200114 19:18:06.014" level="INFO">Clicking element '//li[contains(text(),'nance jj')]'.</msg>
<status status="PASS" starttime="20200114 19:18:06.014" endtime="20200114 19:18:07.102"></status>
</kw>
<status status="PASS" starttime="20200114 19:18:03.414" endtime="20200114 19:18:07.102"></status>
</kw>
<status status="PASS" starttime="20200114 19:17:32.931" endtime="20200114 19:18:07.103"></status>
</kw>
<status status="PASS" starttime="20200114 19:16:43.023" endtime="20200114 19:18:07.103" critical="yes"></status>
</test>
<test id="s1-t2" name="Set sale channels scenario">
<kw name="Then fill out sale channels">
<kw name="Click element when ready" library="environment">
<arguments>
<arg>//*[@id="LgthWdthHghtVolCalc"]/div/div[3]/div/div/div[3]</arg>
</arguments>
<kw name="Wait Until Element Is Visible" library="SeleniumLibrary">
<doc>Waits until element ``locator`` is visible.</doc>
<arguments>
<arg>${xpath}</arg>
<arg>10</arg>
</arguments>
<status status="PASS" starttime="20200114 19:18:07.107" endtime="20200114 19:18:08.148"></status>
</kw>
<kw name="Wait Until Element Is Enabled" library="SeleniumLibrary">
<doc>Waits until element ``locator`` is enabled.</doc>
<arguments>
<arg>${xpath}</arg>
<arg>10</arg>
</arguments>
<status status="PASS" starttime="20200114 19:18:08.148" endtime="20200114 19:18:09.701"></status>
</kw>
<kw name="Click Element" library="SeleniumLibrary">
<doc>Click element identified by ``locator``.</doc>
<arguments>
<arg>${xpath}</arg>
</arguments>
<msg timestamp="20200114 19:18:09.701" level="INFO">Clicking element '//*[@id="LgthWdthHghtVolCalc"]/div/div[3]/div/div/div[3]'.</msg>
<status status="PASS" starttime="20200114 19:18:09.701" endtime="20200114 19:18:10.768"></status>
</kw>
<status status="PASS" starttime="20200114 19:18:07.107" endtime="20200114 19:18:10.768"></status>
</kw>
<kw name="Execute Javascript" library="SeleniumLibrary">
<doc>Executes the given JavaScript code with possible arguments.</doc>
<arguments>
<arg>window.scrollTo(${x_location},${y_location})</arg>
</arguments>
<msg timestamp="20200114 19:18:10.770" level="INFO">Executing JavaScript:
window.scrollTo(791,50)
Without any arguments.</msg>
<status status="PASS" starttime="20200114 19:18:10.769" endtime="20200114 19:18:11.286"></status>
</kw>
<kw name="Click element when ready" library="environment">
<arguments>
<arg>${SUBMIT}</arg>
</arguments>
<kw name="Wait Until Element Is Visible" library="SeleniumLibrary">
<doc>Waits until element ``locator`` is visible.</doc>
<arguments>
<arg>${xpath}</arg>
<arg>10</arg>
</arguments>
<status status="PASS" starttime="20200114 19:18:11.288" endtime="20200114 19:18:12.334"></status>
</kw>
<kw name="Wait Until Element Is Enabled" library="SeleniumLibrary">
<doc>Waits until element ``locator`` is enabled.</doc>
<arguments>
<arg>${xpath}</arg>
<arg>10</arg>
</arguments>
<status status="PASS" starttime="20200114 19:18:12.335" endtime="20200114 19:18:13.883"></status>
</kw>
<kw name="Click Element" library="SeleniumLibrary">
<doc>Click element identified by ``locator``.</doc>
<arguments>
<arg>${xpath}</arg>
</arguments>
<msg timestamp="20200114 19:18:13.884" level="INFO">Clicking element '//*[@name="commit"]'.</msg>
<status status="PASS" starttime="20200114 19:18:13.883" endtime="20200114 19:18:16.693"></status>
</kw>
<status status="PASS" starttime="20200114 19:18:11.287" endtime="20200114 19:18:16.693"></status>
</kw>
<status status="PASS" starttime="20200114 19:18:07.106" endtime="20200114 19:18:16.693"></status>
</kw>
<status status="PASS" starttime="20200114 19:18:07.105" endtime="20200114 19:18:16.694" critical="yes"></status>
</test>
<test id="s1-t3" name="Approve shop account sceanrio">
<kw name="Then approve shop account">
<kw name="Click element when ready" library="environment">
<arguments>
<arg>(//*[@data-toggle="dropdown"])[2]</arg>
</arguments>
<kw name="Wait Until Element Is Visible" library="SeleniumLibrary">
<doc>Waits until element ``locator`` is visible.</doc>
<arguments>
<arg>${xpath}</arg>
<arg>10</arg>
</arguments>
<status status="PASS" starttime="20200114 19:18:16.698" endtime="20200114 19:18:17.736"></status>
</kw>
<kw name="Wait Until Element Is Enabled" library="SeleniumLibrary">
<doc>Waits until element ``locator`` is enabled.</doc>
<arguments>
<arg>${xpath}</arg>
<arg>10</arg>
</arguments>
<status status="PASS" starttime="20200114 19:18:17.736" endtime="20200114 19:18:19.291"></status>
</kw>
<kw name="Click Element" library="SeleniumLibrary">
<doc>Click element identified by ``locator``.</doc>
<arguments>
<arg>${xpath}</arg>
</arguments>
<msg timestamp="20200114 19:18:19.292" level="INFO">Clicking element '(//*[@data-toggle="dropdown"])[2]'.</msg>
<status status="PASS" starttime="20200114 19:18:19.291" endtime="20200114 19:18:20.405"></status>
</kw>
<status status="PASS" starttime="20200114 19:18:16.698" endtime="20200114 19:18:20.405"></status>
</kw>
<kw name="Click element when ready" library="environment">
<arguments>
<arg>//a[contains(text(),'Approve Shop')]</arg>
</arguments>
<kw name="Wait Until Element Is Visible" library="SeleniumLibrary">
<doc>Waits until element ``locator`` is visible.</doc>
<arguments>
<arg>${xpath}</arg>
<arg>10</arg>
</arguments>
<status status="PASS" starttime="20200114 19:18:20.406" endtime="20200114 19:18:21.454"></status>
</kw>
<kw name="Wait Until Element Is Enabled" library="SeleniumLibrary">
<doc>Waits until element ``locator`` is enabled.</doc>
<arguments>
<arg>${xpath}</arg>
<arg>10</arg>
</arguments>
<status status="PASS" starttime="20200114 19:18:21.454" endtime="20200114 19:18:23.008"></status>
</kw>
<kw name="Click Element" library="SeleniumLibrary">
<doc>Click element identified by ``locator``.</doc>
<arguments>
<arg>${xpath}</arg>
</arguments>
<msg timestamp="20200114 19:18:23.008" level="INFO">Clicking element '//a[contains(text(),'Approve Shop')]'.</msg>
<status status="PASS" starttime="20200114 19:18:23.008" endtime="20200114 19:18:24.543"></status>
</kw>
<status status="PASS" starttime="20200114 19:18:20.405" endtime="20200114 19:18:24.544"></status>
</kw>
<status status="PASS" starttime="20200114 19:18:16.697" endtime="20200114 19:18:24.544"></status>
</kw>
<kw name="And should be show on shop list">
<kw name="Wait Until Element Is Visible" library="SeleniumLibrary">
<doc>Waits until element ``locator`` is visible.</doc>
<arguments>
<arg>//td[contains(text(),'Aaaashop')]</arg>
<arg>10</arg>
</arguments>
<status status="PASS" starttime="20200114 19:18:24.545" endtime="20200114 19:18:25.584"></status>
</kw>
<kw name="Get Text" library="SeleniumLibrary">
<doc>Returns the text value of element identified by ``locator``.</doc>
<arguments>
<arg>//td[contains(text(),'Aaaashop')]</arg>
</arguments>
<assign>
<var>${check_name}</var>
</assign>
<msg timestamp="20200114 19:18:26.624" level="INFO">${check_name} = Aaaashop</msg>
<status status="PASS" starttime="20200114 19:18:25.584" endtime="20200114 19:18:26.624"></status>
</kw>
<kw name="Should Be Equal" library="BuiltIn">
<doc>Fails if the given objects are unequal.</doc>
<arguments>
<arg>${check_name}</arg>
<arg>Aaaashop</arg>
</arguments>
<status status="PASS" starttime="20200114 19:18:26.625" endtime="20200114 19:18:26.625"></status>
</kw>
<status status="PASS" starttime="20200114 19:18:24.544" endtime="20200114 19:18:26.626"></status>
</kw>
<status status="PASS" starttime="20200114 19:18:16.696" endtime="20200114 19:18:26.626" critical="yes"></status>
</test>
<test id="s1-t4" name="Delete shop account sceanrio">
<kw name="Then deactivate shop">
<kw name="Click element when ready" library="environment">
<arguments>
<arg>//th[contains(text(),'Name')]</arg>
</arguments>
<kw name="Wait Until Element Is Visible" library="SeleniumLibrary">
<doc>Waits until element ``locator`` is visible.</doc>
<arguments>
<arg>${xpath}</arg>
<arg>10</arg>
</arguments>
<status status="PASS" starttime="20200114 19:18:26.631" endtime="20200114 19:18:27.674"></status>
</kw>
<kw name="Wait Until Element Is Enabled" library="SeleniumLibrary">
<doc>Waits until element ``locator`` is enabled.</doc>
<arguments>
<arg>${xpath}</arg>
<arg>10</arg>
</arguments>
<status status="PASS" starttime="20200114 19:18:27.674" endtime="20200114 19:18:29.227"></status>
</kw>
<kw name="Click Element" library="SeleniumLibrary">
<doc>Click element identified by ``locator``.</doc>
<arguments>
<arg>${xpath}</arg>
</arguments>
<msg timestamp="20200114 19:18:29.228" level="INFO">Clicking element '//th[contains(text(),'Name')]'.</msg>
<status status="PASS" starttime="20200114 19:18:29.227" endtime="20200114 19:18:30.333"></status>
</kw>
<status status="PASS" starttime="20200114 19:18:26.630" endtime="20200114 19:18:30.333"></status>
</kw>
<kw name="Click element when ready" library="environment">
<arguments>
<arg>(//*[@data-toggle="dropdown"])[2]</arg>
</arguments>
<kw name="Wait Until Element Is Visible" library="SeleniumLibrary">
<doc>Waits until element ``locator`` is visible.</doc>
<arguments>
<arg>${xpath}</arg>
<arg>10</arg>
</arguments>
<status status="PASS" starttime="20200114 19:18:30.335" endtime="20200114 19:18:31.378"></status>
</kw>
<kw name="Wait Until Element Is Enabled" library="SeleniumLibrary">
<doc>Waits until element ``locator`` is enabled.</doc>
<arguments>
<arg>${xpath}</arg>
<arg>10</arg>
</arguments>
<status status="PASS" starttime="20200114 19:18:31.378" endtime="20200114 19:18:32.938"></status>
</kw>
<kw name="Click Element" library="SeleniumLibrary">
<doc>Click element identified by ``locator``.</doc>
<arguments>
<arg>${xpath}</arg>
</arguments>
<msg timestamp="20200114 19:18:32.939" level="INFO">Clicking element '(//*[@data-toggle="dropdown"])[2]'.</msg>
<status status="PASS" starttime="20200114 19:18:32.938" endtime="20200114 19:18:34.035"></status>
</kw>
<status status="PASS" starttime="20200114 19:18:30.334" endtime="20200114 19:18:34.035"></status>
</kw>
<kw name="Click element when ready" library="environment">
<arguments>
<arg>//*[@id="dttb"]/tbody/tr[1]/td[6]/div/div/a[3]</arg>
</arguments>
<kw name="Wait Until Element Is Visible" library="SeleniumLibrary">
<doc>Waits until element ``locator`` is visible.</doc>
<arguments>
<arg>${xpath}</arg>
<arg>10</arg>
</arguments>
<status status="PASS" starttime="20200114 19:18:34.036" endtime="20200114 19:18:35.075"></status>
</kw>
<kw name="Wait Until Element Is Enabled" library="SeleniumLibrary">
<doc>Waits until element ``locator`` is enabled.</doc>
<arguments>
<arg>${xpath}</arg>
<arg>10</arg>
</arguments>
<status status="PASS" starttime="20200114 19:18:35.076" endtime="20200114 19:18:36.629"></status>
</kw>
<kw name="Click Element" library="SeleniumLibrary">
<doc>Click element identified by ``locator``.</doc>
<arguments>
<arg>${xpath}</arg>
</arguments>
<msg timestamp="20200114 19:18:36.630" level="INFO">Clicking element '//*[@id="dttb"]/tbody/tr[1]/td[6]/div/div/a[3]'.</msg>
<status status="PASS" starttime="20200114 19:18:36.629" endtime="20200114 19:18:38.200"></status>
</kw>
<status status="PASS" starttime="20200114 19:18:34.036" endtime="20200114 19:18:38.201"></status>
</kw>
<status status="PASS" starttime="20200114 19:18:26.629" endtime="20200114 19:18:38.201"></status>
</kw>
<kw name="And should be show inactive stage">
<kw name="Wait Until Element Is Visible" library="SeleniumLibrary">
<doc>Waits until element ``locator`` is visible.</doc>
<arguments>
<arg>//*[@id="dttb"]/tbody/tr[1]/td[4]</arg>
<arg>10</arg>
</arguments>
<status status="PASS" starttime="20200114 19:18:38.202" endtime="20200114 19:18:39.248"></status>
</kw>
<kw name="Get Text" library="SeleniumLibrary">
<doc>Returns the text value of element identified by ``locator``.</doc>
<arguments>
<arg>//*[@id="dttb"]/tbody/tr[1]/td[4]</arg>
</arguments>
<assign>
<var>${inactive}</var>
</assign>
<msg timestamp="20200114 19:18:40.291" level="INFO">${inactive} = Inactive</msg>
<status status="PASS" starttime="20200114 19:18:39.249" endtime="20200114 19:18:40.291"></status>
</kw>
<kw name="Should Be Equal" library="BuiltIn">
<doc>Fails if the given objects are unequal.</doc>
<arguments>
<arg>${inactive}</arg>
<arg>Inactive</arg>
</arguments>
<status status="PASS" starttime="20200114 19:18:40.291" endtime="20200114 19:18:40.292"></status>
</kw>
<status status="PASS" starttime="20200114 19:18:38.201" endtime="20200114 19:18:40.292"></status>
</kw>
<status status="PASS" starttime="20200114 19:18:26.627" endtime="20200114 19:18:40.293" critical="yes"></status>
</test>
<test id="s1-t5" name="View as shop scenario">
<kw name="Then click view as shop">
<kw name="Click element when ready" library="environment">
<arguments>
<arg>//th[contains(text(),'Name')]</arg>
</arguments>
<kw name="Wait Until Element Is Visible" library="SeleniumLibrary">
<doc>Waits until element ``locator`` is visible.</doc>
<arguments>
<arg>${xpath}</arg>
<arg>10</arg>
</arguments>
<status status="PASS" starttime="20200114 19:18:40.297" endtime="20200114 19:18:41.341"></status>
</kw>
<kw name="Wait Until Element Is Enabled" library="SeleniumLibrary">
<doc>Waits until element ``locator`` is enabled.</doc>
<arguments>
<arg>${xpath}</arg>
<arg>10</arg>
</arguments>
<status status="PASS" starttime="20200114 19:18:41.341" endtime="20200114 19:18:42.894"></status>
</kw>
<kw name="Click Element" library="SeleniumLibrary">
<doc>Click element identified by ``locator``.</doc>
<arguments>
<arg>${xpath}</arg>
</arguments>
<msg timestamp="20200114 19:18:42.895" level="INFO">Clicking element '//th[contains(text(),'Name')]'.</msg>
<status status="PASS" starttime="20200114 19:18:42.894" endtime="20200114 19:18:43.999"></status>
</kw>
<status status="PASS" starttime="20200114 19:18:40.296" endtime="20200114 19:18:44.000"></status>
</kw>
<kw name="Click element when ready" library="environment">
<arguments>
<arg>(//*[@data-toggle="dropdown"])[2]</arg>
</arguments>
<kw name="Wait Until Element Is Visible" library="SeleniumLibrary">
<doc>Waits until element ``locator`` is visible.</doc>
<arguments>
<arg>${xpath}</arg>
<arg>10</arg>
</arguments>
<status status="PASS" starttime="20200114 19:18:44.001" endtime="20200114 19:18:45.056"></status>
</kw>
<kw name="Wait Until Element Is Enabled" library="SeleniumLibrary">
<doc>Waits until element ``locator`` is enabled.</doc>
<arguments>
<arg>${xpath}</arg>
<arg>10</arg>
</arguments>
<status status="PASS" starttime="20200114 19:18:45.056" endtime="20200114 19:18:46.611"></status>
</kw>
<kw name="Click Element" library="SeleniumLibrary">
<doc>Click element identified by ``locator``.</doc>
<arguments>
<arg>${xpath}</arg>
</arguments>
<msg timestamp="20200114 19:18:46.612" level="INFO">Clicking element '(//*[@data-toggle="dropdown"])[2]'.</msg>
<status status="PASS" starttime="20200114 19:18:46.611" endtime="20200114 19:18:47.743"></status>
</kw>
<status status="PASS" starttime="20200114 19:18:44.000" endtime="20200114 19:18:47.744"></status>
</kw>
<kw name="Click element when ready" library="environment">
<arguments>
<arg>//*[@id="dttb"]/tbody/tr[1]/td[6]/div/div/a[1]</arg>
</arguments>
<kw name="Wait Until Element Is Visible" library="SeleniumLibrary">
<doc>Waits until element ``locator`` is visible.</doc>
<arguments>
<arg>${xpath}</arg>
<arg>10</arg>
</arguments>
<status status="PASS" starttime="20200114 19:18:47.745" endtime="20200114 19:18:48.792"></status>
</kw>
<kw name="Wait Until Element Is Enabled" library="SeleniumLibrary">
<doc>Waits until element ``locator`` is enabled.</doc>
<arguments>
<arg>${xpath}</arg>
<arg>10</arg>
</arguments>
<status status="PASS" starttime="20200114 19:18:48.793" endtime="20200114 19:18:50.343"></status>
</kw>
<kw name="Click Element" library="SeleniumLibrary">
<doc>Click element identified by ``locator``.</doc>
<arguments>
<arg>${xpath}</arg>
</arguments>
<msg timestamp="20200114 19:18:50.344" level="INFO">Clicking element '//*[@id="dttb"]/tbody/tr[1]/td[6]/div/div/a[1]'.</msg>
<status status="PASS" starttime="20200114 19:18:50.343" endtime="20200114 19:18:51.433"></status>
</kw>
<status status="PASS" starttime="20200114 19:18:47.744" endtime="20200114 19:18:51.434"></status>
</kw>
<status status="PASS" starttime="20200114 19:18:40.295" endtime="20200114 19:18:51.434"></status>
</kw>
<kw name="And should be show page">
<kw name="Should Not Be Empty" library="BuiltIn">
<doc>Verifies that the given item is not empty.</doc>
<arguments>
<arg>//span[contains(text(),'Overview')]</arg>
</arguments>
<msg timestamp="20200114 19:18:51.435" level="INFO">Length is 35</msg>
<status status="PASS" starttime="20200114 19:18:51.435" endtime="20200114 19:18:51.436"></status>
</kw>
<status status="PASS" starttime="20200114 19:18:51.434" endtime="20200114 19:18:51.436"></status>
</kw>
<status status="PASS" starttime="20200114 19:18:40.294" endtime="20200114 19:18:51.436" critical="yes"></status>
</test>
<kw name="Close Browser" library="SeleniumLibrary" type="teardown">
<doc>Closes the current browser.</doc>
<status status="PASS" starttime="20200114 19:18:51.440" endtime="20200114 19:18:52.039"></status>
</kw>
<doc>This is ui testing for D001,
D001.1, D001.8, D002,
D003, D004 and D006

Create shop account
Set shop profile
Set sale channels
Approve shop account
Delete shop account
View as shop</doc>
<status status="PASS" starttime="20200114 19:16:42.265" endtime="20200114 19:18:52.039"></status>
</suite>
<statistics>
<total>
<stat pass="5" fail="0">Critical Tests</stat>
<stat pass="5" fail="0">All Tests</stat>
</total>
<tag>
</tag>
<suite>
<stat pass="5" fail="0" id="s1" name="setShopProfile">setShopProfile</stat>
</suite>
</statistics>
<errors>
</errors>
</robot>
